#
# There is insufficient memory for the Java Runtime Environment to continue.
# Native memory allocation (malloc) failed to allocate 1048576 bytes for AllocateHeap
# Possible reasons:
#   The system is out of physical RAM or swap space
#   In 32 bit mode, the process size limit was hit
# Possible solutions:
#   Reduce memory load on the system
#   Increase physical memory or swap space
#   Check if swap backing store is full
#   Use 64 bit Java on a 64 bit OS
#   Decrease Java heap size (-Xmx/-Xms)
#   Decrease number of Java threads
#   Decrease Java thread stack sizes (-Xss)
#   Set larger code cache with -XX:ReservedCodeCacheSize=
# This output file may be truncated or incomplete.
#
#  Out of Memory Error (memory/allocation.inline.hpp:61), pid=15020, tid=15564
#
# JRE version:  (8.0_77-b03) (build )
# Java VM: Java HotSpot(TM) 64-Bit Server VM (25.77-b03 mixed mode windows-amd64 compressed oops)
# Failed to write core dump. Minidumps are not enabled by default on client versions of Windows
#

---------------  T H R E A D  ---------------

Current thread (0x0000000002792800):  JavaThread "Unknown thread" [_thread_in_vm, id=15564, stack(0x0000000002500000,0x0000000002600000)]

Stack: [0x0000000002500000,0x0000000002600000]
[error occurred during error reporting (printing stack bounds), id 0xc0000005]

Native frames: (J=compiled Java code, j=interpreted, Vv=VM code, C=native code)


---------------  P R O C E S S  ---------------

Java Threads: ( => current thread )

Other Threads:

=>0x0000000002792800 (exited) JavaThread "Unknown thread" [_thread_in_vm, id=15564, stack(0x0000000002500000,0x0000000002600000)]

VM state:not at safepoint (normal execution)

VM Mutex/Monitor currently owned by a thread: None

Heap:
 PSYoungGen      total 76288K, used 1310K [0x000000076b400000, 0x0000000770900000, 0x00000007c0000000)
  eden space 65536K, 2% used [0x000000076b400000,0x000000076b547af0,0x000000076f400000)
  from space 10752K, 0% used [0x000000076fe80000,0x000000076fe80000,0x0000000770900000)
  to   space 10752K, 0% used [0x000000076f400000,0x000000076f400000,0x000000076fe80000)
 ParOldGen       total 175104K, used 0K [0x00000006c1c00000, 0x00000006cc700000, 0x000000076b400000)
  object space 175104K, 0% used [0x00000006c1c00000,0x00000006c1c00000,0x00000006cc700000)
 Metaspace       used 769K, capacity 4480K, committed 4480K, reserved 1056768K
  class space    used 75K, capacity 384K, committed 384K, reserved 1048576K

Card table byte_map: [0x0000000011c50000,0x0000000012450000] byte_map_base: 0x000000000e642000

Marking Bits: (ParMarkBitMap*) 0x00000000749e0600
 Begin Bits: [0x00000000131a0000, 0x0000000017130000)
 End Bits:   [0x0000000017130000, 0x000000001b0c0000)

Polling page: 0x0000000002120000

CodeCache: size=245760Kb used=328Kb max_used=328Kb free=245431Kb
 bounds [0x0000000002890000, 0x0000000002b00000, 0x0000000011890000]
 total_blobs=58 nmethods=0 adapters=38
 compilation: enabled

Compilation events (0 events):
No events

GC Heap History (0 events):
No events

Deoptimization events (0 events):
No events

Internal exceptions (0 events):
No events

Events (10 events):
Event: 0.031 loading class java/lang/Short
Event: 0.031 loading class java/lang/Short done
Event: 0.031 loading class java/lang/Integer
Event: 0.031 loading class java/lang/Integer done
Event: 0.031 loading class java/lang/Long
Event: 0.031 loading class java/lang/Long done
Event: 0.032 loading class java/lang/NullPointerException
Event: 0.032 loading class java/lang/NullPointerException done
Event: 0.032 loading class java/lang/ArithmeticException
Event: 0.032 loading class java/lang/ArithmeticException done


Dynamic libraries:
0x00007ff605ba0000 - 0x00007ff605bd7000 	D:\Java\jdk1.8.0_77\bin\java.exe
0x00007ffafa0b0000 - 0x00007ffafa2a4000 	C:\Windows\SYSTEM32\ntdll.dll
0x00007ffaf88e0000 - 0x00007ffaf899d000 	C:\Windows\System32\KERNEL32.DLL
0x00007ffaf7e10000 - 0x00007ffaf80d7000 	C:\Windows\System32\KERNELBASE.dll
0x00007ffaf9fa0000 - 0x00007ffafa04a000 	C:\Windows\System32\ADVAPI32.dll
0x00007ffaf9f00000 - 0x00007ffaf9f9e000 	C:\Windows\System32\msvcrt.dll
0x00007ffaf89a0000 - 0x00007ffaf8a3b000 	C:\Windows\System32\sechost.dll
0x00007ffaf94c0000 - 0x00007ffaf95e3000 	C:\Windows\System32\RPCRT4.dll
0x00007ffaf9070000 - 0x00007ffaf9210000 	C:\Windows\System32\USER32.dll
0x00007ffaf7d80000 - 0x00007ffaf7da2000 	C:\Windows\System32\win32u.dll
0x00007ffaf88b0000 - 0x00007ffaf88da000 	C:\Windows\System32\GDI32.dll
0x00007ffaf77f0000 - 0x00007ffaf78fa000 	C:\Windows\System32\gdi32full.dll
0x00007ffaf7ce0000 - 0x00007ffaf7d7d000 	C:\Windows\System32\msvcp_win.dll
0x00007ffaf7ab0000 - 0x00007ffaf7bb0000 	C:\Windows\System32\ucrtbase.dll
0x00007ffae6270000 - 0x00007ffae650a000 	C:\Windows\WinSxS\amd64_microsoft.windows.common-controls_6595b64144ccf1df_6.0.19041.1_none_b555e41d4684ddec\COMCTL32.dll
0x00007ffaf93c0000 - 0x00007ffaf93f0000 	C:\Windows\System32\IMM32.DLL
0x0000000076210000 - 0x00000000762e2000 	D:\Java\jdk1.8.0_77\jre\bin\msvcr100.dll
0x00000000741d0000 - 0x0000000074a60000 	D:\Java\jdk1.8.0_77\jre\bin\server\jvm.dll
0x00007ffaf9600000 - 0x00007ffaf9608000 	C:\Windows\System32\PSAPI.DLL
0x00007ffaef450000 - 0x00007ffaef477000 	C:\Windows\SYSTEM32\WINMM.dll
0x00007ffae1b20000 - 0x00007ffae1b29000 	C:\Windows\SYSTEM32\WSOCK32.dll
0x00007ffaf2e90000 - 0x00007ffaf2e9a000 	C:\Windows\SYSTEM32\VERSION.dll
0x00007ffaf93f0000 - 0x00007ffaf945b000 	C:\Windows\System32\WS2_32.dll
0x0000000076200000 - 0x000000007620f000 	D:\Java\jdk1.8.0_77\jre\bin\verify.dll
0x00000000761d0000 - 0x00000000761f9000 	D:\Java\jdk1.8.0_77\jre\bin\java.dll
0x0000000076180000 - 0x00000000761a3000 	D:\Java\jdk1.8.0_77\jre\bin\instrument.dll
0x00000000761b0000 - 0x00000000761c6000 	D:\Java\jdk1.8.0_77\jre\bin\zip.dll

VM Arguments:
jvm_args: -javaagent:D:\Program Files\JetBrains\IntelliJ IDEA 2021.1.1\lib\idea_rt.jar=51980:D:\Program Files\JetBrains\IntelliJ IDEA 2021.1.1\bin -Dfile.encoding=UTF-8 
java_command: leetcode.øÏÀŸ≈≈–Ú2
java_class_path (initial): D:\Java\jdk1.8.0_77\jre\lib\charsets.jar;D:\Java\jdk1.8.0_77\jre\lib\deploy.jar;D:\Java\jdk1.8.0_77\jre\lib\ext\access-bridge-64.jar;D:\Java\jdk1.8.0_77\jre\lib\ext\cldrdata.jar;D:\Java\jdk1.8.0_77\jre\lib\ext\dnsns.jar;D:\Java\jdk1.8.0_77\jre\lib\ext\jaccess.jar;D:\Java\jdk1.8.0_77\jre\lib\ext\jfxrt.jar;D:\Java\jdk1.8.0_77\jre\lib\ext\localedata.jar;D:\Java\jdk1.8.0_77\jre\lib\ext\nashorn.jar;D:\Java\jdk1.8.0_77\jre\lib\ext\sunec.jar;D:\Java\jdk1.8.0_77\jre\lib\ext\sunjce_provider.jar;D:\Java\jdk1.8.0_77\jre\lib\ext\sunmscapi.jar;D:\Java\jdk1.8.0_77\jre\lib\ext\sunpkcs11.jar;D:\Java\jdk1.8.0_77\jre\lib\ext\zipfs.jar;D:\Java\jdk1.8.0_77\jre\lib\javaws.jar;D:\Java\jdk1.8.0_77\jre\lib\jce.jar;D:\Java\jdk1.8.0_77\jre\lib\jfr.jar;D:\Java\jdk1.8.0_77\jre\lib\jfxswt.jar;D:\Java\jdk1.8.0_77\jre\lib\jsse.jar;D:\Java\jdk1.8.0_77\jre\lib\management-agent.jar;D:\Java\jdk1.8.0_77\jre\lib\plugin.jar;D:\Java\jdk1.8.0_77\jre\lib\resources.jar;D:\Java\jdk1.8.0_77\jre\lib\rt.jar;D:\IdeaProjects\Test\target\classes;D:\repository\org\springframework\spring-core\5.2.7.RELEASE\spring-core-5.2.7.RELEASE.jar;D:\repository\org\springframework\spring-jcl\5.2.7.RELEASE\spring-jcl-5.2.7.RELEASE.jar;D:\repository\org\projectlombok\lombok\1.18.20\lombok-1.18.20.jar;D:\repository\cglib\cglib\3.3.0\cglib-3.3.0.jar;D:\repository\org\ow2\asm\asm\7.1\asm-7.1.jar;D:\repository\com\google\guava\guava\28.1-jre\guava-28.1-jre.jar;D:\repository\com\google\guava\failureaccess\1.0.1\failureaccess-1.0.1.jar;D:\repository\com\google\guava\listenablefuture\9999.0-empty-to-avoid-conflict-with-guava\listenablefuture-9999.0-empty-to-avoid-conflict-with-guava.jar;D:\repository\com\google\code\findbugs\jsr305\3.0.2\jsr305-3.0.2.jar;D:\repository\org\checkerframework\checker-qual\2.8.1\checker-qual-2.8.1.jar;D:\repository\com\google\errorprone\error_prone_annotations\2.3.2\error_prone_annotations-2.3.2.jar;D:\repository\com\google\j2objc\j2objc-annotations\1.3\j2objc-annotations-1.3.jar
Launcher Type: SUN_STANDARD

Environment Variables:
JAVA_HOME=D:\Java\jdk1.8.0_77
CLASSPATH=.;D:\Java\jdk1.8.0_77\lib\dt.jar;D:\Java\jdk1.8.0_77\lib\tools.jar;
PATH=D:\VMware\VMware Workstation\bin\;C:\Windows\system32;C:\Windows;C:\Windows\System32\Wbem;C:\Windows\System32\WindowsPowerShell\v1.0\;C:\Windows\System32\OpenSSH\;C:\Program Files (x86)\NVIDIA Corporation\PhysX\Common;D:\Java\jdk1.8.0_77\bin;D:\Java\jdk1.8.0_77\jre\bin;D:\Program Files\Git\bin;D:\Go\bin;D:\Program Files\Python\Python37;D:\Program Files\Redis;D:\Program Files\apache-maven-3.6.1\bin;D:\Program Files\MySQL\mysql-5.7.34-winx64\bin;D:\MongoDB\Server\5.0\bin;D:\NetSarang\XShell7\;D:\NetSarang\Xftp7\;C:\Users\Administrator\AppData\Local\Microsoft\WindowsApps;C:\Users\Administrator\AppData\Local\BypassRuntm
USERNAME=Administrator
OS=Windows_NT
PROCESSOR_IDENTIFIER=Intel64 Family 6 Model 60 Stepping 3, GenuineIntel



---------------  S Y S T E M  ---------------

OS: Windows 10.0 , 64 bit Build 19041 (10.0.19041.207)

CPU:total 8 (4 cores per cpu, 2 threads per core) family 6 model 60 stepping 3, cmov, cx8, fxsr, mmx, sse, sse2, sse3, ssse3, sse4.1, sse4.2, popcnt, avx, avx2, aes, clmul, erms, lzcnt, ht, tsc, tscinvbit, bmi1, bmi2

Memory: 4k page, physical 16658544k(8456624k free), swap 29579972k(5608k free)

vm_info: Java HotSpot(TM) 64-Bit Server VM (25.77-b03) for windows-amd64 JRE (1.8.0_77-b03), built on Mar 20 2016 22:01:33 by "java_re" with MS VC++ 10.0 (VS2010)

time: Fri Feb 03 19:53:32 2023
elapsed time: 0 seconds (0d 0h 0m 0s)

